<?xml version="1.0" encoding="UTF-8"?><testsuite errors="2" failures="0" name="vvss.features.addStudent.AddStudentStory" skipped="0" tests="2" time="1.8" timestamp="2019-05-15 03:15:24"><testcase classname="vvss.features.addStudent.AddStudentStory" name="Opens add student page types invalid data clicks submit button should see error message"><error message="Could not instantiate class org.openqa.selenium.chrome.ChromeDriver" type="net.thucydides.core.webdriver.DriverConfigurationError">Could not instantiate class org.openqa.selenium.chrome.ChromeDriver</error><system-err>Could not instantiate class org.openqa.selenium.chrome.ChromeDriver&#13;
vvss.steps.serenity.EndUserSteps.opens_add_student_page(EndUserSteps.java:14)&#13;
vvss.features.addStudent.AddStudentStory.opens_add_student_page_types_invalid_data_clicks_submit_button_should_see_error_message(AddStudentStory.java:32)&#13;
</system-err></testcase><testcase classname="vvss.features.addStudent.AddStudentStory" name="Opens add student page types valid data clicks submit button should see added message"><error message="Could not instantiate class org.openqa.selenium.chrome.ChromeDriver" type="net.thucydides.core.webdriver.DriverConfigurationError">Could not instantiate class org.openqa.selenium.chrome.ChromeDriver</error><system-err>Could not instantiate class org.openqa.selenium.chrome.ChromeDriver&#13;
vvss.steps.serenity.EndUserSteps.opens_add_student_page(EndUserSteps.java:14)&#13;
vvss.features.addStudent.AddStudentStory.opens_add_student_page_types_valid_data_clicks_submit_button_should_see_added_message(AddStudentStory.java:24)&#13;
</system-err></testcase></testsuite>